<?xml version="1.0" encoding="UTF-8"?>
<testng-results ignored="0" total="1" passed="1" failed="0" skipped="0">
  <reporter-output>
  </reporter-output>
  <suite started-at="2022-09-12T12:33:33 IST" name="Default suite" finished-at="2022-09-12T12:33:33 IST" duration-ms="31">
    <groups>
    </groups>
    <test started-at="2022-09-12T12:33:33 IST" name="Default test" finished-at="2022-09-12T12:33:33 IST" duration-ms="31">
      <class name="sampleTests.DemoTest">
        <test-method signature="demo()[pri:0, instance:sampleTests.DemoTest@696da30b]" started-at="2022-09-12T12:33:33 IST" name="demo" finished-at="2022-09-12T12:33:33 IST" duration-ms="5" status="PASS">
          <reporter-output>
          </reporter-output>
        </test-method> <!-- demo -->
      </class> <!-- sampleTests.DemoTest -->
    </test> <!-- Default test -->
  </suite> <!-- Default suite -->
</testng-results>
